f:\grafika\minecraft\01_physics\x64\debug\vc142.pdb
f:\grafika\minecraft\01_physics\x64\debug\vc142.idb
f:\grafika\minecraft\01_physics\x64\debug\imgui_impl_sdl_gl3.obj
f:\grafika\minecraft\01_physics\x64\debug\imgui_draw.obj
f:\grafika\minecraft\01_physics\x64\debug\imgui_demo.obj
f:\grafika\minecraft\01_physics\x64\debug\imgui.obj
f:\grafika\minecraft\01_physics\x64\debug\texturecoords.obj
f:\grafika\minecraft\01_physics\x64\debug\myapp.obj
f:\grafika\minecraft\01_physics\x64\debug\main.obj
f:\grafika\minecraft\01_physics\x64\debug\vertexarrayobject.obj
f:\grafika\minecraft\01_physics\x64\debug\shaderobject.obj
f:\grafika\minecraft\01_physics\x64\debug\programobject.obj
f:\grafika\minecraft\01_physics\x64\debug\objparser_ogl3.obj
f:\grafika\minecraft\01_physics\x64\debug\mesh_ogl3.obj
f:\grafika\minecraft\01_physics\x64\debug\glconversions.obj
f:\grafika\minecraft\01_physics\x64\debug\gcamera.obj
f:\grafika\minecraft\01_physics\x64\debug\chunk.obj
f:\grafika\minecraft\01_physics\x64\debug\block.obj
f:\elte\grafika\minecraft\01_physics\x64\debug\vc143.pdb
f:\elte\grafika\minecraft\01_physics\x64\debug\vc143.idb
f:\elte\grafika\minecraft\01_physics\x64\debug\glconversions.obj
f:\elte\grafika\minecraft\01_physics\x64\debug\mesh_ogl3.obj
f:\grafika\minecraft\01_physics\x64\debug\minecraft.ilk
f:\grafika\minecraft\x64\debug\minecraft.exe
f:\grafika\minecraft\x64\debug\minecraft.pdb
f:\elte\grafika\minecraft\01_physics\x64\debug\block.obj
f:\elte\grafika\minecraft\01_physics\x64\debug\chunk.obj
f:\elte\grafika\minecraft\01_physics\x64\debug\gcamera.obj
f:\elte\grafika\minecraft\01_physics\x64\debug\imgui.obj
f:\elte\grafika\minecraft\01_physics\x64\debug\imgui_demo.obj
f:\elte\grafika\minecraft\01_physics\x64\debug\imgui_draw.obj
f:\elte\grafika\minecraft\01_physics\x64\debug\imgui_impl_sdl_gl3.obj
f:\elte\grafika\minecraft\01_physics\x64\debug\main.obj
f:\elte\grafika\minecraft\01_physics\x64\debug\myapp.obj
f:\elte\grafika\minecraft\01_physics\x64\debug\objparser_ogl3.obj
f:\elte\grafika\minecraft\01_physics\x64\debug\programobject.obj
f:\elte\grafika\minecraft\01_physics\x64\debug\shaderobject.obj
f:\elte\grafika\minecraft\01_physics\x64\debug\texturecoords.obj
f:\elte\grafika\minecraft\01_physics\x64\debug\vertexarrayobject.obj
f:\elte\grafika\minecraft\01_physics\x64\debug\minecraft.ilk
f:\elte\grafika\minecraft\01_physics\x64\debug\vc142.idb
f:\elte\grafika\minecraft\01_physics\x64\debug\vc142.pdb
f:\elte\grafika\minecraft\x64\debug\minecraft.pdb
f:\elte\grafika\minecraft\x64\debug\minecraft.exe
f:\elte\grafika\minecraft\01_physics\x64\debug\minecraft.tlog\cl.command.1.tlog
f:\elte\grafika\minecraft\01_physics\x64\debug\minecraft.tlog\cl.read.1.tlog
f:\elte\grafika\minecraft\01_physics\x64\debug\minecraft.tlog\cl.write.1.tlog
f:\elte\grafika\minecraft\01_physics\x64\debug\minecraft.tlog\link.command.1.tlog
f:\elte\grafika\minecraft\01_physics\x64\debug\minecraft.tlog\link.read.1.tlog
f:\elte\grafika\minecraft\01_physics\x64\debug\minecraft.tlog\link.write.1.tlog
